TN:
SF:src/schema/toolSchemas.ts
FNF:0
FNH:0
DA:6,1
DA:7,1
DA:8,1
DA:9,1
DA:10,1
DA:11,1
DA:12,1
DA:13,1
DA:14,1
DA:15,1
DA:16,1
DA:17,1
DA:18,1
DA:19,1
DA:20,1
DA:21,1
DA:22,1
DA:23,1
DA:24,1
DA:25,1
DA:26,1
DA:27,1
DA:28,1
DA:29,1
DA:30,1
DA:31,1
DA:32,1
DA:33,1
DA:34,1
DA:35,1
DA:36,1
DA:37,1
DA:38,1
DA:39,1
DA:40,1
DA:41,1
DA:42,1
DA:43,1
DA:44,1
DA:45,1
DA:46,1
DA:47,1
DA:48,1
DA:49,1
DA:50,1
DA:51,1
DA:52,1
DA:53,1
DA:54,1
DA:55,1
DA:56,1
DA:57,1
DA:58,1
DA:59,1
DA:60,1
DA:61,1
DA:62,1
DA:63,1
DA:64,1
DA:65,1
DA:66,1
DA:67,1
DA:68,1
DA:69,1
DA:70,1
DA:71,1
DA:72,1
DA:73,1
DA:74,1
DA:75,1
DA:76,1
DA:77,1
DA:78,1
DA:79,1
DA:80,1
DA:81,1
DA:82,1
DA:83,1
DA:84,1
DA:85,1
DA:86,1
DA:87,1
DA:88,1
DA:89,1
DA:90,1
DA:91,1
DA:92,1
DA:93,1
DA:94,1
DA:95,1
DA:96,1
DA:97,1
DA:98,1
DA:99,1
DA:100,1
DA:101,1
DA:102,1
DA:103,1
DA:104,1
DA:105,1
DA:106,1
DA:107,1
DA:108,1
DA:109,1
DA:110,1
DA:111,1
DA:112,1
DA:113,1
DA:114,1
DA:115,1
DA:116,1
DA:117,1
DA:118,1
DA:119,1
DA:120,1
DA:121,1
DA:122,1
DA:123,1
DA:124,1
DA:125,1
DA:126,1
DA:127,1
DA:128,1
DA:129,1
DA:130,1
DA:131,1
DA:132,1
DA:133,1
DA:134,1
DA:135,1
DA:136,1
DA:137,1
DA:138,1
DA:139,1
DA:140,1
DA:141,1
DA:142,1
DA:143,1
DA:144,1
DA:145,1
DA:146,1
DA:147,1
DA:148,1
DA:149,1
DA:150,1
DA:151,1
DA:152,1
DA:153,1
DA:154,1
DA:155,1
DA:156,1
DA:157,1
DA:158,1
DA:159,1
DA:160,1
DA:161,1
DA:162,1
DA:163,1
DA:164,1
DA:165,1
DA:166,1
DA:167,1
DA:168,1
DA:169,1
DA:170,1
DA:171,1
DA:172,1
DA:173,1
DA:174,1
DA:175,1
DA:176,1
DA:177,1
DA:178,1
DA:179,1
DA:180,1
DA:181,1
DA:182,1
DA:183,1
DA:184,1
DA:185,1
DA:186,1
DA:187,1
DA:188,1
DA:189,1
DA:190,1
DA:191,1
DA:192,1
DA:193,1
DA:194,1
DA:195,1
DA:196,1
DA:197,1
DA:198,1
DA:199,1
DA:200,1
DA:201,1
DA:202,1
DA:203,1
DA:204,1
DA:205,1
DA:206,1
DA:207,1
DA:208,1
DA:209,1
DA:210,1
DA:211,1
DA:212,1
DA:213,1
DA:214,1
DA:215,1
DA:216,1
DA:217,1
DA:218,1
DA:219,1
DA:220,1
DA:221,1
DA:222,1
DA:223,1
DA:224,1
DA:225,1
DA:226,1
DA:227,1
DA:228,1
DA:229,1
DA:230,1
DA:231,1
DA:232,1
DA:233,1
DA:234,1
DA:235,1
DA:236,1
DA:237,1
DA:238,1
DA:239,1
DA:240,1
DA:241,1
DA:242,1
DA:243,1
DA:244,1
DA:245,1
DA:246,1
DA:247,1
DA:248,1
DA:249,1
DA:250,1
DA:251,1
DA:252,1
DA:253,1
DA:254,1
DA:255,1
DA:256,1
DA:257,1
DA:258,1
DA:259,1
DA:260,1
DA:261,1
DA:262,1
DA:263,1
DA:264,1
DA:265,1
DA:266,1
DA:267,1
DA:268,1
DA:269,1
DA:270,1
DA:271,1
DA:272,1
DA:273,1
DA:274,1
DA:275,1
DA:276,1
DA:277,1
DA:278,1
DA:279,1
DA:280,1
DA:281,1
DA:282,1
DA:283,1
DA:284,1
DA:285,1
DA:286,1
DA:287,1
DA:288,1
DA:289,1
DA:290,1
DA:291,1
DA:292,1
DA:293,1
DA:294,1
DA:295,1
DA:296,1
DA:297,1
DA:298,1
DA:299,1
DA:300,1
DA:301,1
DA:302,1
DA:303,1
DA:304,1
DA:305,1
DA:306,1
DA:307,1
DA:308,1
DA:309,1
DA:310,1
DA:311,1
DA:312,1
DA:313,1
DA:314,1
DA:315,1
DA:316,1
DA:317,1
DA:318,1
DA:319,1
DA:320,1
DA:321,1
DA:322,1
DA:323,1
DA:324,1
DA:325,1
DA:326,1
DA:327,1
DA:328,1
DA:329,1
DA:330,1
DA:331,1
DA:332,1
DA:333,1
DA:334,1
DA:335,1
DA:336,1
DA:337,1
DA:338,1
DA:339,1
DA:340,1
DA:341,1
DA:342,1
DA:343,1
DA:344,1
DA:345,1
DA:346,1
DA:347,1
DA:348,1
DA:349,1
DA:350,1
DA:351,1
DA:352,1
DA:353,1
DA:354,1
DA:355,1
DA:356,1
DA:357,1
DA:358,1
DA:359,1
DA:360,1
DA:361,1
DA:362,1
DA:363,1
DA:364,1
DA:365,1
DA:366,1
DA:367,1
DA:368,1
DA:369,1
DA:370,1
DA:371,1
DA:372,1
DA:373,1
DA:374,1
DA:375,1
DA:376,1
DA:377,1
DA:378,1
DA:379,1
DA:380,1
DA:381,1
DA:382,1
DA:383,1
DA:384,1
DA:385,1
DA:386,1
DA:387,1
DA:388,1
DA:389,1
DA:390,1
DA:391,1
DA:392,1
DA:393,1
DA:394,1
DA:395,1
DA:396,1
DA:397,1
DA:398,1
DA:399,1
DA:400,1
DA:401,1
DA:402,1
DA:403,1
DA:404,1
LF:399
LH:399
BRF:0
BRH:0
end_of_record
TN:
SF:src/server/DocshunterServer.ts
FN:24,<instance_members_initializer>
FN:29,DocshunterServer
FN:70,setupShutdownHandler
FN:86,cleanup
FN:99,handleChatPerplexity
FN:122,handleGetDocumentation
FN:130,handleFindApis
FN:138,handleCheckDeprecatedCode
FN:146,handleSearch
FN:156,handleExtractUrlContent
FN:169,setupToolHandlers
FN:182,run
FN:206,getToolHandlersRegistry
FN:218,getBrowserManager
FN:222,getSearchEngine
FN:226,getDatabaseManager
FNF:16
FNH:5
FNDA:8,<instance_members_initializer>
FNDA:8,DocshunterServer
FNDA:6,setupShutdownHandler
FNDA:1,cleanup
FNDA:0,handleChatPerplexity
FNDA:0,handleGetDocumentation
FNDA:0,handleFindApis
FNDA:0,handleCheckDeprecatedCode
FNDA:0,handleSearch
FNDA:0,handleExtractUrlContent
FNDA:7,setupToolHandlers
FNDA:0,run
FNDA:0,getToolHandlersRegistry
FNDA:0,getBrowserManager
FNDA:0,getSearchEngine
FNDA:0,getDatabaseManager
DA:5,1
DA:6,1
DA:13,1
DA:14,1
DA:15,1
DA:16,1
DA:17,1
DA:20,1
DA:21,1
DA:23,1
DA:24,1
DA:25,8
DA:26,8
DA:27,8
DA:29,1
DA:30,8
DA:32,8
DA:33,8
DA:34,8
DA:35,8
DA:36,8
DA:37,8
DA:38,8
DA:39,8
DA:40,8
DA:41,8
DA:44,8
DA:45,8
DA:46,8
DA:49,8
DA:52,8
DA:56,8
DA:57,6
DA:58,6
DA:60,7
DA:61,8
DA:62,1
DA:63,1
DA:64,1
DA:65,1
DA:66,1
DA:67,1
DA:68,8
DA:70,1
DA:71,6
DA:72,1
DA:73,1
DA:74,1
DA:75,1
DA:76,1
DA:77,1
DA:78,1
DA:79,1
DA:80,1
DA:81,1
DA:82,1
DA:83,6
DA:84,6
DA:86,1
DA:87,1
DA:88,1
DA:89,1
DA:90,1
DA:91,1
DA:92,0
DA:93,0
DA:94,0
DA:95,0
DA:96,1
DA:99,1
DA:100,0
DA:103,0
DA:106,0
DA:107,0
DA:108,0
DA:109,0
DA:110,0
DA:113,0
DA:114,0
DA:115,0
DA:116,0
DA:117,0
DA:118,0
DA:119,0
DA:120,0
DA:122,1
DA:123,0
DA:124,0
DA:125,0
DA:126,0
DA:127,0
DA:128,0
DA:130,1
DA:131,0
DA:132,0
DA:133,0
DA:134,0
DA:135,0
DA:136,0
DA:138,1
DA:139,0
DA:140,0
DA:141,0
DA:142,0
DA:143,0
DA:144,0
DA:146,1
DA:147,0
DA:153,0
DA:154,0
DA:156,1
DA:157,0
DA:161,0
DA:162,0
DA:163,0
DA:164,0
DA:165,0
DA:166,0
DA:167,0
DA:169,1
DA:170,7
DA:171,7
DA:172,7
DA:173,7
DA:174,7
DA:175,7
DA:176,7
DA:177,7
DA:179,7
DA:180,7
DA:182,1
DA:183,0
DA:184,0
DA:185,0
DA:187,0
DA:188,0
DA:190,0
DA:191,0
DA:192,0
DA:193,0
DA:196,0
DA:197,0
DA:198,0
DA:199,0
DA:200,0
DA:201,0
DA:202,0
DA:203,0
DA:204,0
DA:206,1
DA:207,0
DA:208,0
DA:209,0
DA:210,0
DA:211,0
DA:212,0
DA:213,0
DA:214,0
DA:215,0
DA:218,1
DA:219,0
DA:220,0
DA:222,1
DA:223,0
DA:224,0
DA:226,1
DA:227,0
DA:228,0
DA:229,1
LF:169
LH:88
BRDA:24,0,0,8
BRDA:29,1,0,8
BRDA:44,2,0,0
BRDA:45,3,0,0
BRDA:46,4,0,0
BRDA:56,5,0,6
BRDA:58,6,0,7
BRDA:61,7,0,1
BRDA:63,8,0,0
BRDA:64,9,0,0
BRDA:70,10,0,6
BRDA:71,11,0,1
BRDA:79,12,0,0
BRDA:86,13,0,1
BRDA:91,14,0,0
BRDA:169,15,0,7
BRF:16
BRH:9
end_of_record
TN:
SF:src/server/config.ts
FNF:0
FNH:0
DA:1,1
DA:2,1
DA:3,1
DA:4,1
DA:5,1
DA:6,1
DA:7,1
DA:8,1
DA:9,1
DA:10,1
DA:11,1
DA:12,1
DA:13,1
DA:14,1
DA:15,1
DA:16,1
DA:17,1
LF:17
LH:17
BRF:0
BRH:0
end_of_record
TN:
SF:src/server/toolHandlerSetup.ts
FN:24,setupToolHandlers
FN:113,createToolHandlersRegistry
FNF:2
FNH:2
FNDA:11,setupToolHandlers
FNDA:13,createToolHandlersRegistry
DA:6,1
DA:8,1
DA:15,1
DA:17,1
DA:24,1
DA:25,11
DA:26,11
DA:27,11
DA:28,11
DA:31,11
DA:32,1
DA:33,1
DA:34,1
DA:35,1
DA:36,11
DA:39,11
DA:40,8
DA:43,8
DA:44,0
DA:45,8
DA:47,8
DA:48,8
DA:49,7
DA:52,7
DA:53,2
DA:54,2
DA:55,2
DA:56,2
DA:57,2
DA:58,2
DA:59,2
DA:60,2
DA:61,2
DA:62,2
DA:63,2
DA:65,3
DA:66,3
DA:67,1
DA:68,8
DA:69,3
DA:70,3
DA:71,3
DA:73,3
DA:74,3
DA:76,3
DA:77,0
DA:78,0
DA:79,0
DA:80,0
DA:81,0
DA:82,0
DA:83,0
DA:84,0
DA:85,0
DA:86,0
DA:88,3
DA:89,3
DA:90,3
DA:91,3
DA:92,3
DA:93,3
DA:94,3
DA:95,3
DA:96,3
DA:98,0
DA:99,0
DA:100,3
DA:101,3
DA:102,8
DA:103,8
DA:104,8
DA:105,11
DA:106,11
DA:113,1
DA:114,13
DA:115,13
LF:76
LH:63
BRDA:24,0,0,11
BRDA:31,1,0,1
BRDA:39,2,0,8
BRDA:48,3,0,7
BRDA:49,4,0,0
BRDA:49,5,0,5
BRDA:52,6,0,2
BRDA:53,7,0,0
BRDA:54,8,0,1
BRDA:63,9,0,3
BRDA:66,10,0,1
BRDA:68,11,0,3
BRDA:70,12,0,0
BRDA:76,13,0,0
BRDA:96,14,0,0
BRDA:100,15,0,0
BRDA:102,16,0,0
BRDA:113,17,0,13
BRF:18
BRH:11
end_of_record
TN:
SF:src/server/modules/BrowserManager.ts
FN:18,<instance_members_initializer>
FN:27,getPuppeteerContext
FN:37,setBrowser
FN:40,setPage
FN:43,setIsInitializing
FN:46,setSearchInputSelector
FN:49,setIdleTimeout
FN:52,incrementOperationCount
FN:58,log
FN:74,determineRecoveryLevel
FN:102,initialize
FN:120,navigateToPerplexity
FN:125,waitForSearchInput
FN:131,checkForCaptcha
FN:136,performRecovery
FN:141,isReady
FN:145,cleanup
FN:172,getPage
FN:176,getBrowser
FN:180,resetIdleTimeout
FNF:20
FNH:12
FNDA:30,<instance_members_initializer>
FNDA:9,getPuppeteerContext
FNDA:0,setBrowser
FNDA:0,setPage
FNDA:0,setIsInitializing
FNDA:0,setSearchInputSelector
FNDA:0,setIdleTimeout
FNDA:0,incrementOperationCount
FNDA:0,log
FNDA:8,determineRecoveryLevel
FNDA:3,initialize
FNDA:1,navigateToPerplexity
FNDA:2,waitForSearchInput
FNDA:2,checkForCaptcha
FNDA:2,performRecovery
FNDA:3,isReady
FNDA:4,cleanup
FNDA:2,getPage
FNDA:2,getBrowser
FNDA:0,resetIdleTimeout
DA:7,1
DA:8,1
DA:17,1
DA:18,1
DA:19,30
DA:20,30
DA:21,30
DA:22,30
DA:23,30
DA:24,30
DA:25,30
DA:27,1
DA:28,9
DA:29,9
DA:30,9
DA:31,9
DA:32,9
DA:33,9
DA:34,9
DA:35,9
DA:36,9
DA:37,9
DA:38,0
DA:39,0
DA:40,9
DA:41,0
DA:42,0
DA:43,9
DA:44,0
DA:45,0
DA:46,9
DA:47,0
DA:48,0
DA:49,9
DA:50,0
DA:51,0
DA:52,9
DA:53,9
DA:54,9
DA:55,9
DA:56,9
DA:58,1
DA:59,0
DA:60,0
DA:61,0
DA:62,0
DA:63,0
DA:64,0
DA:65,0
DA:66,0
DA:67,0
DA:68,0
DA:69,0
DA:70,0
DA:71,0
DA:72,0
DA:74,1
DA:75,8
DA:77,7
DA:80,7
DA:81,7
DA:82,6
DA:83,5
DA:84,5
DA:85,8
DA:86,3
DA:87,3
DA:90,4
DA:91,4
DA:92,3
DA:93,2
DA:94,8
DA:95,3
DA:96,3
DA:99,1
DA:100,8
DA:102,1
DA:103,3
DA:104,1
DA:105,1
DA:106,1
DA:108,2
DA:109,2
DA:110,2
DA:111,1
DA:112,1
DA:113,1
DA:114,1
DA:115,1
DA:116,1
DA:117,1
DA:118,3
DA:120,1
DA:121,1
DA:122,1
DA:123,1
DA:125,1
DA:126,2
DA:127,2
DA:128,2
DA:129,2
DA:131,1
DA:132,2
DA:133,2
DA:134,2
DA:136,1
DA:137,2
DA:138,2
DA:139,2
DA:141,1
DA:142,3
DA:143,3
DA:145,1
DA:146,4
DA:147,4
DA:148,1
DA:149,1
DA:150,1
DA:152,4
DA:153,2
DA:154,1
DA:156,4
DA:157,1
DA:158,1
DA:160,3
DA:161,3
DA:162,3
DA:164,3
DA:165,4
DA:166,1
DA:167,1
DA:168,1
DA:169,1
DA:170,4
DA:172,1
DA:173,2
DA:174,2
DA:176,1
DA:177,2
DA:178,2
DA:180,1
DA:181,0
DA:182,0
DA:183,0
DA:184,1
LF:145
LH:118
BRDA:18,0,0,30
BRDA:27,1,0,9
BRDA:74,2,0,8
BRDA:75,3,0,1
BRDA:75,4,0,7
BRDA:81,5,0,6
BRDA:82,6,0,5
BRDA:83,7,0,5
BRDA:85,8,0,3
BRDA:87,9,0,4
BRDA:91,10,0,3
BRDA:92,11,0,2
BRDA:94,12,0,3
BRDA:96,13,0,1
BRDA:102,14,0,3
BRDA:103,15,0,1
BRDA:106,16,0,2
BRDA:110,17,0,1
BRDA:114,18,0,0
BRDA:120,19,0,1
BRDA:125,20,0,2
BRDA:131,21,0,2
BRDA:136,22,0,2
BRDA:141,23,0,3
BRDA:142,24,0,2
BRDA:142,25,0,2
BRDA:142,26,0,1
BRDA:145,27,0,4
BRDA:147,28,0,1
BRDA:152,29,0,2
BRDA:152,30,0,3
BRDA:152,31,0,2
BRDA:153,32,0,1
BRDA:156,33,0,1
BRDA:156,34,0,1
BRDA:158,35,0,3
BRDA:165,36,0,1
BRDA:167,37,0,0
BRDA:172,38,0,2
BRDA:176,39,0,2
BRF:40
BRH:38
end_of_record
TN:
SF:src/server/modules/DatabaseManager.ts
FN:17,DatabaseManager
FN:19,initialize
FN:53,getChatHistory
FN:73,saveChatMessage
FN:92,close
FN:107,isInitialized
FN:112,getDatabase
FNF:7
FNH:3
FNDA:8,DatabaseManager
FNDA:8,initialize
FNDA:0,getChatHistory
FNDA:0,saveChatMessage
FNDA:1,close
FNDA:0,isInitialized
FNDA:0,getDatabase
DA:1,1
DA:2,1
DA:3,1
DA:8,1
DA:10,1
DA:11,1
DA:13,1
DA:14,1
DA:15,1
DA:17,1
DA:19,1
DA:20,8
DA:22,8
DA:23,8
DA:24,8
DA:26,8
DA:28,8
DA:31,8
DA:32,1
DA:33,1
DA:34,1
DA:37,8
DA:40,8
DA:42,8
DA:43,8
DA:44,8
DA:45,1
DA:46,1
DA:47,1
DA:48,1
DA:49,1
DA:50,1
DA:51,8
DA:53,1
DA:54,0
DA:55,0
DA:56,0
DA:58,0
DA:59,0
DA:60,0
DA:62,0
DA:63,0
DA:64,0
DA:65,0
DA:66,0
DA:67,0
DA:68,0
DA:69,0
DA:70,0
DA:71,0
DA:73,1
DA:74,0
DA:75,0
DA:76,0
DA:78,0
DA:79,0
DA:80,0
DA:81,0
DA:82,0
DA:83,0
DA:84,0
DA:85,0
DA:86,0
DA:87,0
DA:88,0
DA:89,0
DA:90,0
DA:92,1
DA:93,1
DA:94,1
DA:95,1
DA:96,1
DA:97,1
DA:98,1
DA:99,1
DA:100,1
DA:101,0
DA:102,0
DA:103,0
DA:104,0
DA:105,1
DA:107,1
DA:108,0
DA:109,0
DA:112,1
DA:113,0
DA:114,0
DA:115,1
LF:88
LH:48
BRDA:17,0,0,8
BRDA:19,1,0,8
BRDA:31,2,0,1
BRDA:44,3,0,1
BRDA:46,4,0,0
BRDA:47,5,0,0
BRDA:92,6,0,1
BRDA:100,7,0,0
BRF:8
BRH:5
end_of_record
TN:
SF:src/server/modules/SearchEngine.ts
FN:11,SearchEngine
FN:13,performSearch
FN:59,executeSearch
FN:85,waitForCompleteAnswer
FN:118,extractCompleteAnswer
FN:208,generateErrorResponse
FNF:6
FNH:1
FNDA:8,SearchEngine
FNDA:0,performSearch
FNDA:0,executeSearch
FNDA:0,waitForCompleteAnswer
FNDA:0,extractCompleteAnswer
FNDA:0,generateErrorResponse
DA:7,1
DA:8,1
DA:10,1
DA:11,1
DA:13,1
DA:14,0
DA:16,0
DA:17,0
DA:18,0
DA:19,0
DA:22,0
DA:25,0
DA:26,0
DA:27,0
DA:28,0
DA:31,0
DA:32,0
DA:33,0
DA:34,0
DA:37,0
DA:40,0
DA:43,0
DA:45,0
DA:46,0
DA:47,0
DA:48,0
DA:49,0
DA:52,0
DA:55,0
DA:56,0
DA:57,0
DA:59,1
DA:60,0
DA:63,0
DA:64,0
DA:65,0
DA:66,0
DA:67,0
DA:69,0
DA:70,0
DA:71,0
DA:72,0
DA:73,0
DA:74,0
DA:75,0
DA:78,0
DA:79,0
DA:80,0
DA:82,0
DA:83,0
DA:85,1
DA:86,0
DA:89,0
DA:91,0
DA:92,0
DA:93,0
DA:94,0
DA:95,0
DA:96,0
DA:97,0
DA:98,0
DA:99,0
DA:100,0
DA:101,0
DA:102,0
DA:103,0
DA:104,0
DA:106,0
DA:107,0
DA:108,0
DA:109,0
DA:112,0
DA:113,0
DA:115,0
DA:116,0
DA:118,1
DA:119,0
DA:120,0
DA:121,0
DA:122,0
DA:125,0
DA:128,0
DA:130,0
DA:131,0
DA:132,0
DA:133,0
DA:134,0
DA:136,0
DA:137,0
DA:138,0
DA:141,0
DA:142,0
DA:143,0
DA:144,0
DA:145,0
DA:147,0
DA:148,0
DA:149,0
DA:150,0
DA:151,0
DA:152,0
DA:154,0
DA:155,0
DA:156,0
DA:157,0
DA:159,0
DA:160,0
DA:161,0
DA:162,0
DA:163,0
DA:164,0
DA:165,0
DA:166,0
DA:168,0
DA:169,0
DA:170,0
DA:171,0
DA:172,0
DA:173,0
DA:174,0
DA:175,0
DA:176,0
DA:177,0
DA:178,0
DA:179,0
DA:180,0
DA:181,0
DA:182,0
DA:183,0
DA:184,0
DA:186,0
DA:187,0
DA:188,0
DA:189,0
DA:190,0
DA:192,0
DA:193,0
DA:194,0
DA:195,0
DA:196,0
DA:198,0
DA:199,0
DA:200,0
DA:201,0
DA:202,0
DA:204,0
DA:205,0
DA:206,0
DA:208,1
DA:209,0
DA:211,0
DA:212,0
DA:213,0
DA:215,0
DA:216,0
DA:217,0
DA:219,0
DA:220,0
DA:221,0
DA:223,0
DA:224,0
DA:225,1
LF:162
LH:10
BRDA:11,0,0,8
BRF:1
BRH:1
end_of_record
TN:
SF:src/tools/chatPerplexity.ts
FN:11,chatPerplexity
FNF:1
FNH:1
FNDA:4,chatPerplexity
DA:5,1
DA:11,4
DA:12,4
DA:13,4
DA:14,4
DA:15,4
DA:16,4
DA:17,4
DA:18,4
DA:19,4
DA:20,4
DA:21,4
DA:23,4
DA:24,4
DA:25,0
DA:26,0
DA:27,0
DA:28,4
DA:30,4
DA:31,4
LF:20
LH:17
BRDA:11,0,0,4
BRDA:24,1,0,0
BRF:2
BRH:1
end_of_record
TN:
SF:src/tools/checkDeprecatedCode.ts
FN:1,(empty-report)
FNF:1
FNH:1
FNDA:1,(empty-report)
DA:11,0
DA:12,0
DA:13,0
DA:14,0
DA:15,0
DA:16,0
DA:17,0
DA:18,0
DA:19,0
DA:21,0
DA:33,0
DA:34,0
LF:12
LH:0
BRDA:1,0,0,1
BRF:1
BRH:1
end_of_record
TN:
SF:src/tools/extractUrlContent.ts
FN:1,(empty-report)
FNF:1
FNH:1
FNDA:1,(empty-report)
DA:12,0
DA:13,0
DA:14,0
DA:15,0
DA:16,0
DA:25,0
DA:26,0
DA:27,0
DA:28,0
DA:29,0
DA:30,0
DA:32,0
DA:33,0
DA:34,0
DA:35,0
DA:36,0
DA:37,0
DA:38,0
DA:39,0
DA:40,0
DA:41,0
DA:42,0
DA:43,0
DA:44,0
DA:45,0
DA:46,0
DA:47,0
DA:48,0
DA:49,0
DA:50,0
DA:51,0
DA:52,0
DA:53,0
DA:54,0
DA:55,0
DA:56,0
DA:57,0
DA:58,0
DA:59,0
DA:60,0
DA:61,0
DA:62,0
DA:63,0
DA:64,0
DA:65,0
DA:66,0
DA:67,0
DA:68,0
DA:69,0
DA:70,0
DA:71,0
DA:72,0
DA:73,0
DA:74,0
DA:75,0
DA:76,0
DA:77,0
DA:78,0
DA:79,0
DA:80,0
DA:81,0
DA:82,0
DA:83,0
DA:84,0
DA:85,0
DA:86,0
DA:87,0
DA:88,0
DA:89,0
DA:90,0
DA:91,0
DA:92,0
DA:93,0
DA:94,0
DA:95,0
DA:96,0
DA:97,0
DA:98,0
DA:99,0
DA:100,0
DA:101,0
DA:102,0
DA:103,0
DA:104,0
DA:105,0
LF:85
LH:0
BRDA:1,0,0,1
BRF:1
BRH:1
end_of_record
TN:
SF:src/tools/findApis.ts
FN:1,(empty-report)
FNF:1
FNH:1
FNDA:1,(empty-report)
DA:10,0
DA:11,0
DA:12,0
DA:13,0
DA:14,0
DA:15,0
DA:16,0
DA:17,0
DA:18,0
DA:30,0
DA:31,0
LF:11
LH:0
BRDA:1,0,0,1
BRF:1
BRH:1
end_of_record
TN:
SF:src/tools/getDocumentation.ts
FN:1,(empty-report)
FNF:1
FNH:1
FNDA:1,(empty-report)
DA:10,0
DA:11,0
DA:12,0
DA:13,0
DA:14,0
DA:15,0
DA:16,0
DA:17,0
DA:18,0
DA:31,0
DA:32,0
LF:11
LH:0
BRDA:1,0,0,1
BRF:1
BRH:1
end_of_record
TN:
SF:src/tools/search.ts
FN:10,search
FN:46,realTimeStreamingSearch
FN:126,monitorPageContent
FNF:3
FNH:3
FNDA:16,search
FNDA:10,realTimeStreamingSearch
FNDA:5,monitorPageContent
DA:10,16
DA:11,16
DA:16,16
DA:17,16
DA:18,16
DA:19,16
DA:21,16
DA:22,16
DA:23,16
DA:24,1
DA:25,1
DA:26,16
DA:27,1
DA:28,1
DA:29,16
DA:30,14
DA:31,16
DA:34,16
DA:35,6
DA:36,6
DA:39,10
DA:40,10
DA:46,10
DA:47,10
DA:48,10
DA:49,10
DA:50,10
DA:51,10
DA:53,9
DA:55,9
DA:57,10
DA:58,2
DA:59,10
DA:60,7
DA:61,7
DA:64,10
DA:66,7
DA:68,7
DA:69,7
DA:72,5
DA:73,5
DA:76,5
DA:79,5
DA:80,4
DA:81,4
DA:82,4
DA:83,5
DA:86,7
DA:87,8
DA:88,4
DA:89,4
DA:92,5
DA:94,4
DA:95,4
DA:98,3
DA:99,4
DA:100,6
DA:101,6
DA:104,6
DA:105,6
DA:106,6
DA:107,10
DA:109,2
DA:110,0
DA:111,0
DA:112,0
DA:114,3
DA:115,10
DA:116,1
DA:117,1
DA:118,1
DA:119,0
DA:120,0
DA:121,10
DA:126,5
DA:127,5
DA:129,5
DA:131,5
DA:132,5
DA:133,5
DA:135,5
DA:136,7
DA:138,7
DA:139,0
DA:140,0
DA:141,0
DA:142,0
DA:144,0
DA:145,0
DA:146,0
DA:148,0
DA:149,0
DA:150,0
DA:151,0
DA:152,0
DA:153,0
DA:154,7
DA:157,7
DA:158,2
DA:160,0
DA:161,0
DA:162,7
DA:163,5
DA:164,1
DA:165,1
DA:166,5
DA:167,0
DA:168,0
DA:169,1
DA:170,1
DA:171,1
DA:174,7
DA:175,1
DA:176,1
DA:177,1
DA:179,2
DA:180,7
DA:182,0
DA:183,0
DA:184,7
DA:185,5
DA:187,0
DA:188,0
DA:189,5
LF:124
LH:98
BRDA:10,0,0,16
BRDA:23,1,0,1
BRDA:26,2,0,1
BRDA:29,3,0,14
BRDA:34,4,0,6
BRDA:36,5,0,10
BRDA:46,6,0,10
BRDA:51,7,0,9
BRDA:57,8,0,8
BRDA:57,9,0,8
BRDA:57,10,0,2
BRDA:59,11,0,7
BRDA:61,12,0,9
BRDA:64,13,0,8
BRDA:64,14,0,7
BRDA:68,15,0,6
BRDA:69,16,0,0
BRDA:69,17,0,6
BRDA:69,18,0,5
BRDA:86,19,0,8
BRDA:87,20,0,4
BRDA:89,21,0,5
BRDA:92,22,0,4
BRDA:95,23,0,3
BRDA:99,24,0,6
BRDA:107,25,0,2
BRDA:109,26,0,0
BRDA:112,27,0,3
BRDA:115,28,0,1
BRDA:116,29,0,0
BRDA:118,30,0,0
BRDA:79,31,0,4
BRDA:104,32,0,6
BRDA:126,33,0,5
BRDA:127,34,0,0
BRDA:135,35,0,7
BRDA:157,36,0,2
BRDA:158,37,0,0
BRDA:162,38,0,5
BRDA:163,39,0,1
BRDA:166,40,0,0
BRDA:168,41,0,1
BRDA:171,42,0,3
BRDA:174,43,0,1
BRDA:174,44,0,1
BRDA:177,45,0,2
BRDA:180,46,0,0
BRDA:185,47,0,0
BRDA:179,48,0,2
BRF:49
BRH:40
end_of_record
TN:
SF:src/types/browser.ts
FN:1,(empty-report)
FNF:1
FNH:1
FNDA:1,(empty-report)
LF:0
LH:0
BRDA:1,0,0,1
BRF:1
BRH:1
end_of_record
TN:
SF:src/types/database.ts
FN:1,(empty-report)
FNF:1
FNH:1
FNDA:1,(empty-report)
LF:0
LH:0
BRDA:1,0,0,1
BRF:1
BRH:1
end_of_record
TN:
SF:src/types/index.ts
FN:1,(empty-report)
FNF:1
FNH:1
FNDA:1,(empty-report)
LF:0
LH:0
BRDA:1,0,0,1
BRF:1
BRH:1
end_of_record
TN:
SF:src/types/server.ts
FN:1,(empty-report)
FNF:1
FNH:1
FNDA:1,(empty-report)
LF:0
LH:0
BRDA:1,0,0,1
BRF:1
BRH:1
end_of_record
TN:
SF:src/types/tools.ts
FN:1,(empty-report)
FNF:1
FNH:1
FNDA:1,(empty-report)
LF:0
LH:0
BRDA:1,0,0,1
BRF:1
BRH:1
end_of_record
TN:
SF:src/utils/db.ts
FN:11,initializeDatabase
FN:36,getChatHistory
FN:49,saveChatMessage
FNF:3
FNH:3
FNDA:6,initializeDatabase
FNDA:8,getChatHistory
FNDA:7,saveChatMessage
DA:11,1
DA:12,6
DA:17,6
DA:18,6
DA:27,6
DA:28,6
DA:36,1
DA:37,8
DA:38,8
DA:39,8
DA:40,8
DA:41,8
DA:49,1
DA:50,7
DA:51,7
DA:52,7
DA:53,7
DA:54,7
DA:55,7
DA:56,7
LF:20
LH:20
BRDA:11,0,0,6
BRDA:36,1,0,8
BRDA:49,2,0,7
BRF:3
BRH:3
end_of_record
TN:
SF:src/utils/extraction.ts
FN:1,(empty-report)
FNF:1
FNH:0
FNDA:0,(empty-report)
DA:1,0
DA:2,0
DA:6,0
DA:8,0
DA:10,0
DA:11,0
DA:17,0
DA:18,0
DA:19,0
DA:20,0
DA:21,0
DA:22,0
DA:23,0
DA:24,0
DA:27,0
DA:28,0
DA:29,0
DA:30,0
DA:31,0
DA:32,0
DA:33,0
DA:34,0
DA:35,0
DA:36,0
DA:37,0
DA:38,0
DA:39,0
DA:41,0
DA:44,0
DA:45,0
DA:46,0
DA:47,0
DA:48,0
DA:49,0
DA:50,0
DA:51,0
DA:52,0
DA:53,0
DA:54,0
DA:55,0
DA:56,0
DA:57,0
DA:58,0
DA:59,0
DA:60,0
DA:61,0
DA:62,0
DA:63,0
DA:64,0
DA:66,0
DA:67,0
DA:68,0
DA:69,0
DA:70,0
DA:71,0
DA:72,0
DA:73,0
DA:74,0
DA:75,0
DA:76,0
DA:77,0
DA:78,0
DA:80,0
DA:81,0
DA:82,0
DA:83,0
DA:84,0
DA:85,0
DA:87,0
DA:88,0
DA:89,0
DA:90,0
DA:91,0
DA:92,0
DA:95,0
DA:96,0
DA:97,0
DA:98,0
DA:99,0
DA:100,0
DA:101,0
DA:102,0
DA:103,0
DA:104,0
DA:105,0
DA:107,0
DA:108,0
DA:111,0
DA:112,0
DA:113,0
DA:114,0
DA:115,0
DA:116,0
DA:117,0
DA:118,0
DA:119,0
DA:120,0
DA:121,0
DA:122,0
DA:123,0
DA:124,0
DA:125,0
DA:126,0
DA:127,0
DA:128,0
DA:129,0
DA:132,0
DA:133,0
DA:134,0
DA:135,0
DA:136,0
DA:137,0
DA:138,0
DA:139,0
DA:140,0
DA:141,0
DA:142,0
DA:145,0
DA:146,0
DA:147,0
DA:148,0
DA:149,0
DA:150,0
DA:151,0
DA:152,0
DA:153,0
DA:154,0
DA:155,0
DA:156,0
DA:157,0
DA:158,0
DA:159,0
DA:161,0
DA:162,0
DA:163,0
DA:164,0
DA:165,0
DA:166,0
DA:167,0
DA:170,0
DA:171,0
DA:172,0
DA:173,0
DA:175,0
DA:176,0
DA:177,0
DA:179,0
DA:180,0
DA:181,0
DA:182,0
DA:183,0
DA:185,0
DA:186,0
DA:188,0
DA:189,0
DA:190,0
DA:191,0
DA:192,0
DA:193,0
DA:194,0
DA:195,0
DA:196,0
DA:197,0
DA:198,0
DA:199,0
DA:201,0
DA:202,0
DA:203,0
DA:204,0
DA:205,0
DA:206,0
DA:207,0
DA:208,0
DA:209,0
DA:210,0
DA:211,0
DA:212,0
DA:213,0
DA:214,0
DA:215,0
DA:216,0
DA:217,0
DA:218,0
DA:219,0
DA:220,0
DA:221,0
DA:230,0
DA:231,0
DA:232,0
DA:233,0
DA:234,0
DA:235,0
DA:236,0
DA:237,0
DA:238,0
DA:239,0
DA:240,0
DA:241,0
DA:242,0
DA:243,0
DA:244,0
DA:245,0
DA:246,0
DA:247,0
DA:248,0
DA:249,0
DA:250,0
DA:251,0
DA:252,0
DA:253,0
DA:254,0
DA:255,0
DA:256,0
DA:257,0
DA:258,0
DA:259,0
DA:260,0
DA:261,0
DA:262,0
DA:263,0
DA:264,0
DA:266,0
DA:267,0
DA:269,0
DA:270,0
DA:272,0
DA:273,0
DA:274,0
DA:287,0
DA:288,0
DA:289,0
DA:290,0
DA:291,0
DA:292,0
DA:293,0
DA:294,0
DA:295,0
DA:296,0
DA:297,0
DA:298,0
DA:299,0
DA:300,0
DA:301,0
DA:302,0
DA:303,0
DA:304,0
DA:305,0
DA:306,0
DA:307,0
DA:308,0
DA:309,0
DA:311,0
DA:312,0
DA:313,0
DA:314,0
DA:315,0
DA:316,0
DA:317,0
DA:318,0
DA:320,0
DA:321,0
DA:322,0
DA:323,0
DA:324,0
DA:325,0
DA:326,0
DA:327,0
DA:328,0
DA:329,0
DA:330,0
DA:331,0
DA:332,0
DA:333,0
DA:334,0
DA:335,0
DA:337,0
DA:338,0
DA:339,0
DA:340,0
DA:341,0
DA:342,0
DA:343,0
DA:344,0
DA:345,0
DA:346,0
DA:347,0
DA:348,0
DA:349,0
DA:350,0
DA:351,0
DA:352,0
DA:353,0
LF:292
LH:0
BRDA:1,0,0,0
BRF:1
BRH:0
end_of_record
TN:
SF:src/utils/fetch.ts
FN:13,fetchSimpleContent
FN:30,validateStatus
FNF:2
FNH:1
FNDA:17,fetchSimpleContent
FNDA:0,validateStatus
DA:7,1
DA:8,1
DA:9,1
DA:10,1
DA:13,17
DA:14,17
DA:15,17
DA:16,17
DA:17,17
DA:18,17
DA:20,17
DA:21,17
DA:22,17
DA:23,17
DA:24,17
DA:25,17
DA:26,17
DA:27,17
DA:28,17
DA:29,17
DA:30,17
DA:31,17
DA:33,17
DA:34,17
DA:36,17
DA:37,17
DA:38,2
DA:39,1
DA:40,17
DA:42,1
DA:43,1
DA:44,1
DA:45,1
DA:46,1
DA:47,1
DA:48,1
DA:49,1
DA:51,17
DA:52,1
DA:53,1
DA:54,1
DA:55,1
DA:56,1
DA:57,1
DA:58,1
DA:59,1
DA:62,9
DA:63,17
DA:64,17
DA:66,17
DA:68,8
DA:69,8
DA:70,8
DA:72,8
DA:73,5
DA:74,5
DA:75,5
DA:76,8
DA:78,2
DA:79,2
DA:80,2
DA:81,8
DA:82,1
DA:83,1
DA:84,1
DA:85,17
DA:87,1
DA:88,1
DA:91,9
DA:93,17
DA:95,1
DA:96,1
DA:97,1
DA:99,17
DA:100,1
DA:101,1
DA:102,1
DA:103,1
DA:104,1
DA:105,1
DA:106,1
DA:107,1
DA:109,17
DA:110,17
DA:111,17
DA:112,6
DA:113,6
DA:115,6
DA:116,5
DA:118,5
DA:120,2
DA:124,2
DA:125,2
DA:126,2
DA:127,1
DA:128,1
DA:129,1
DA:130,1
DA:131,0
DA:132,0
DA:133,2
DA:135,0
DA:136,0
DA:137,0
DA:138,0
DA:139,0
DA:140,0
DA:141,0
DA:142,0
DA:143,0
DA:144,0
DA:145,0
DA:146,0
DA:147,0
DA:148,0
DA:149,0
DA:150,0
DA:151,0
DA:152,0
DA:153,0
DA:154,0
DA:155,0
DA:156,0
DA:157,5
DA:158,1
DA:159,3
DA:160,1
DA:161,1
DA:162,1
DA:163,1
DA:164,0
DA:165,0
DA:166,6
DA:167,1
DA:168,1
DA:170,6
DA:171,6
DA:172,6
DA:173,17
LF:139
LH:113
BRDA:13,0,0,17
BRDA:18,1,0,16
BRDA:31,2,0,11
BRDA:33,3,0,0
BRDA:34,4,0,10
BRDA:37,5,0,2
BRDA:38,6,0,1
BRDA:40,7,0,1
BRDA:49,8,0,10
BRDA:51,9,0,1
BRDA:59,10,0,9
BRDA:63,11,0,0
BRDA:66,12,0,8
BRDA:72,13,0,7
BRDA:72,14,0,7
BRDA:72,15,0,5
BRDA:73,16,0,0
BRDA:75,17,0,4
BRDA:76,18,0,2
BRDA:78,19,0,0
BRDA:81,20,0,1
BRDA:83,21,0,0
BRDA:85,22,0,1
BRDA:88,23,0,9
BRDA:93,24,0,1
BRDA:97,25,0,9
BRDA:99,26,0,1
BRDA:107,27,0,8
BRDA:109,28,0,7
BRDA:111,29,0,6
BRDA:115,30,0,5
BRDA:118,31,0,2
BRDA:126,32,0,1
BRDA:127,33,0,0
BRDA:129,34,0,0
BRDA:130,35,0,0
BRDA:133,36,0,0
BRDA:157,37,0,3
BRDA:157,38,0,1
BRDA:159,39,0,2
BRDA:159,40,0,1
BRDA:163,41,0,0
BRDA:166,42,0,1
BRF:43
BRH:33
end_of_record
TN:
SF:src/utils/logging.ts
FN:10,log
FN:22,logInfo
FN:23,logWarn
FN:24,logError
FNF:4
FNH:4
FNDA:29,log
FNDA:6,logInfo
FNDA:5,logWarn
FNDA:8,logError
DA:10,1
DA:11,29
DA:13,29
DA:15,8
DA:16,29
DA:18,21
DA:19,21
DA:20,29
DA:22,1
DA:23,1
DA:24,1
LF:11
LH:11
BRDA:10,0,0,29
BRDA:13,1,0,12
BRDA:13,2,0,8
BRDA:16,3,0,21
BRDA:22,4,0,6
BRDA:23,5,0,5
BRDA:24,6,0,8
BRF:7
BRH:7
end_of_record
TN:
SF:src/utils/puppeteer-logic.ts
FN:11,determineRecoveryLevel
FN:44,analyzeError
FN:66,calculateRetryDelay
FN:96,generateBrowserArgs
FN:147,getSearchInputSelectors
FN:161,getCaptchaSelectors
FN:176,validateNavigationUrl
FN:193,isNavigationFailure
FNF:8
FNH:8
FNDA:8,determineRecoveryLevel
FNDA:8,analyzeError
FNDA:7,calculateRetryDelay
FNDA:4,generateBrowserArgs
FNDA:2,getSearchInputSelectors
FNDA:2,getCaptchaSelectors
FNDA:8,validateNavigationUrl
FNDA:7,isNavigationFailure
DA:11,1
DA:12,8
DA:14,7
DA:17,7
DA:18,7
DA:19,6
DA:20,6
DA:21,5
DA:22,5
DA:23,8
DA:24,3
DA:25,3
DA:28,8
DA:29,2
DA:30,2
DA:33,8
DA:34,1
DA:35,1
DA:38,1
DA:39,1
DA:44,1
DA:45,8
DA:46,8
DA:48,8
DA:49,8
DA:50,8
DA:51,8
DA:52,8
DA:53,8
DA:54,8
DA:55,7
DA:56,7
DA:57,8
DA:58,8
DA:59,8
DA:60,8
DA:61,8
DA:66,1
DA:67,7
DA:68,7
DA:69,7
DA:70,7
DA:71,7
DA:73,7
DA:74,1
DA:75,7
DA:76,1
DA:77,6
DA:78,1
DA:79,5
DA:80,0
DA:81,4
DA:83,4
DA:84,4
DA:87,7
DA:88,7
DA:90,7
DA:91,7
DA:96,1
DA:97,4
DA:98,4
DA:99,4
DA:100,4
DA:101,4
DA:102,4
DA:103,4
DA:104,4
DA:105,4
DA:106,4
DA:107,4
DA:108,4
DA:109,4
DA:110,4
DA:111,4
DA:112,4
DA:113,4
DA:114,4
DA:115,4
DA:116,4
DA:117,4
DA:118,4
DA:119,4
DA:120,4
DA:121,4
DA:122,4
DA:123,4
DA:124,4
DA:125,4
DA:126,4
DA:127,4
DA:128,4
DA:129,4
DA:130,4
DA:131,4
DA:132,4
DA:133,4
DA:134,4
DA:135,4
DA:136,4
DA:137,4
DA:138,4
DA:139,4
DA:140,4
DA:141,4
DA:142,4
DA:147,1
DA:148,2
DA:149,2
DA:150,2
DA:151,2
DA:152,2
DA:153,2
DA:154,2
DA:155,2
DA:156,2
DA:161,1
DA:162,2
DA:163,2
DA:164,2
DA:165,2
DA:166,2
DA:167,2
DA:168,2
DA:169,2
DA:170,2
DA:171,2
DA:176,1
DA:177,8
DA:178,8
DA:180,8
DA:181,1
DA:182,1
DA:184,8
DA:185,8
DA:186,2
DA:187,2
DA:188,8
DA:193,1
DA:194,7
DA:196,7
DA:197,4
DA:198,4
DA:199,4
DA:200,4
DA:201,4
DA:202,2
DA:203,2
DA:204,4
DA:206,1
DA:207,1
LF:150
LH:149
BRDA:11,0,0,8
BRDA:12,1,0,1
BRDA:12,2,0,7
BRDA:18,3,0,6
BRDA:19,4,0,6
BRDA:20,5,0,5
BRDA:21,6,0,5
BRDA:23,7,0,3
BRDA:25,8,0,4
BRDA:28,9,0,3
BRDA:28,10,0,2
BRDA:33,11,0,1
BRDA:44,12,0,8
BRDA:45,13,0,6
BRDA:45,14,0,2
BRDA:49,15,0,6
BRDA:50,16,0,7
BRDA:52,17,0,7
BRDA:52,18,0,7
BRDA:54,19,0,7
BRDA:55,20,0,7
BRDA:57,21,0,7
BRDA:66,22,0,7
BRDA:73,23,0,1
BRDA:75,24,0,6
BRDA:75,25,0,1
BRDA:77,26,0,5
BRDA:77,27,0,1
BRDA:79,28,0,4
BRDA:79,29,0,0
BRDA:96,30,0,4
BRDA:147,31,0,2
BRDA:161,32,0,2
BRDA:176,33,0,8
BRDA:180,34,0,3
BRDA:180,35,0,1
BRDA:182,36,0,5
BRDA:184,37,0,2
BRDA:185,38,0,2
BRDA:193,39,0,7
BRDA:194,40,0,6
BRDA:194,41,0,2
BRDA:194,42,0,5
BRDA:196,43,0,4
BRDA:201,44,0,2
BRDA:204,45,0,1
BRF:46
BRH:45
end_of_record
TN:
SF:src/utils/puppeteer.ts
FN:1,(empty-report)
FNF:1
FNH:0
FNDA:0,(empty-report)
DA:1,0
DA:2,0
DA:6,0
DA:7,0
DA:9,0
DA:10,0
DA:19,0
DA:20,0
DA:21,0
DA:22,0
DA:23,0
DA:24,0
DA:25,0
DA:26,0
DA:27,0
DA:28,0
DA:29,0
DA:30,0
DA:31,0
DA:32,0
DA:33,0
DA:34,0
DA:35,0
DA:36,0
DA:37,0
DA:38,0
DA:39,0
DA:40,0
DA:41,0
DA:42,0
DA:43,0
DA:44,0
DA:45,0
DA:47,0
DA:51,0
DA:52,0
DA:53,0
DA:55,0
DA:56,0
DA:57,0
DA:58,0
DA:59,0
DA:60,0
DA:61,0
DA:62,0
DA:63,0
DA:64,0
DA:65,0
DA:66,0
DA:67,0
DA:68,0
DA:69,0
DA:71,0
DA:72,0
DA:73,0
DA:74,0
DA:75,0
DA:76,0
DA:77,0
DA:78,0
DA:79,0
DA:80,0
DA:81,0
DA:82,0
DA:83,0
DA:84,0
DA:85,0
DA:86,0
DA:87,0
DA:88,0
DA:89,0
DA:90,0
DA:91,0
DA:92,0
DA:93,0
DA:94,0
DA:95,0
DA:96,0
DA:97,0
DA:98,0
DA:99,0
DA:100,0
DA:101,0
DA:102,0
DA:103,0
DA:104,0
DA:105,0
DA:106,0
DA:107,0
DA:108,0
DA:109,0
DA:110,0
DA:111,0
DA:112,0
DA:113,0
DA:114,0
DA:115,0
DA:116,0
DA:117,0
DA:118,0
DA:119,0
DA:120,0
DA:121,0
DA:122,0
DA:123,0
DA:124,0
DA:125,0
DA:126,0
DA:127,0
DA:128,0
DA:129,0
DA:130,0
DA:131,0
DA:132,0
DA:133,0
DA:134,0
DA:135,0
DA:136,0
DA:137,0
DA:138,0
DA:139,0
DA:140,0
DA:141,0
DA:142,0
DA:143,0
DA:144,0
DA:145,0
DA:147,0
DA:148,0
DA:149,0
DA:150,0
DA:151,0
DA:152,0
DA:153,0
DA:154,0
DA:155,0
DA:156,0
DA:157,0
DA:158,0
DA:159,0
DA:160,0
DA:161,0
DA:162,0
DA:163,0
DA:164,0
DA:165,0
DA:166,0
DA:167,0
DA:168,0
DA:169,0
DA:170,0
DA:171,0
DA:172,0
DA:173,0
DA:174,0
DA:175,0
DA:176,0
DA:177,0
DA:178,0
DA:179,0
DA:180,0
DA:181,0
DA:182,0
DA:183,0
DA:184,0
DA:185,0
DA:186,0
DA:187,0
DA:188,0
DA:189,0
DA:190,0
DA:191,0
DA:192,0
DA:193,0
DA:194,0
DA:195,0
DA:196,0
DA:197,0
DA:198,0
DA:199,0
DA:200,0
DA:201,0
DA:202,0
DA:203,0
DA:204,0
DA:205,0
DA:206,0
DA:207,0
DA:208,0
DA:209,0
DA:210,0
DA:211,0
DA:212,0
DA:213,0
DA:214,0
DA:215,0
DA:216,0
DA:217,0
DA:218,0
DA:219,0
DA:220,0
DA:221,0
DA:222,0
DA:223,0
DA:224,0
DA:225,0
DA:226,0
DA:227,0
DA:228,0
DA:229,0
DA:231,0
DA:232,0
DA:233,0
DA:234,0
DA:235,0
DA:236,0
DA:237,0
DA:238,0
DA:239,0
DA:240,0
DA:241,0
DA:242,0
DA:243,0
DA:244,0
DA:245,0
DA:246,0
DA:247,0
DA:248,0
DA:249,0
DA:250,0
DA:251,0
DA:252,0
DA:253,0
DA:254,0
DA:255,0
DA:256,0
DA:257,0
DA:258,0
DA:259,0
DA:260,0
DA:261,0
DA:262,0
DA:264,0
DA:265,0
DA:266,0
DA:267,0
DA:268,0
DA:269,0
DA:270,0
DA:271,0
DA:273,0
DA:275,0
DA:276,0
DA:277,0
DA:278,0
DA:279,0
DA:280,0
DA:282,0
DA:283,0
DA:285,0
DA:287,0
DA:288,0
DA:289,0
DA:290,0
DA:291,0
DA:292,0
DA:293,0
DA:294,0
DA:295,0
DA:296,0
DA:297,0
DA:298,0
DA:299,0
DA:300,0
DA:301,0
DA:302,0
DA:303,0
DA:304,0
DA:305,0
DA:306,0
DA:307,0
DA:308,0
DA:309,0
DA:310,0
DA:311,0
DA:312,0
DA:313,0
DA:314,0
DA:315,0
DA:316,0
DA:317,0
DA:318,0
DA:319,0
DA:320,0
DA:321,0
DA:322,0
DA:323,0
DA:324,0
DA:325,0
DA:327,0
DA:328,0
DA:329,0
DA:330,0
DA:331,0
DA:332,0
DA:334,0
DA:335,0
DA:336,0
DA:337,0
DA:338,0
DA:339,0
DA:340,0
DA:341,0
DA:342,0
DA:343,0
DA:344,0
DA:345,0
DA:346,0
DA:347,0
DA:348,0
DA:349,0
DA:350,0
DA:351,0
DA:352,0
DA:353,0
DA:354,0
DA:355,0
DA:356,0
DA:357,0
DA:358,0
DA:359,0
DA:360,0
DA:361,0
DA:362,0
DA:363,0
DA:364,0
DA:365,0
DA:366,0
DA:367,0
DA:368,0
DA:369,0
DA:370,0
DA:371,0
DA:372,0
DA:373,0
DA:374,0
DA:375,0
DA:376,0
DA:377,0
DA:379,0
DA:380,0
DA:381,0
DA:382,0
DA:383,0
DA:384,0
DA:385,0
DA:386,0
DA:387,0
DA:388,0
DA:389,0
DA:390,0
DA:391,0
DA:392,0
DA:393,0
DA:394,0
DA:395,0
DA:396,0
DA:397,0
DA:398,0
DA:399,0
DA:400,0
DA:401,0
DA:402,0
DA:403,0
DA:404,0
DA:405,0
DA:406,0
DA:407,0
DA:409,0
DA:410,0
DA:411,0
DA:412,0
DA:413,0
DA:414,0
DA:415,0
DA:416,0
DA:417,0
DA:418,0
DA:419,0
DA:420,0
DA:421,0
DA:422,0
DA:423,0
DA:424,0
DA:425,0
DA:426,0
DA:427,0
DA:428,0
DA:429,0
DA:430,0
DA:432,0
DA:433,0
DA:434,0
DA:435,0
DA:436,0
DA:437,0
DA:438,0
DA:439,0
DA:440,0
DA:441,0
DA:442,0
DA:443,0
DA:444,0
DA:445,0
DA:446,0
DA:447,0
DA:448,0
DA:449,0
DA:450,0
DA:451,0
DA:452,0
DA:453,0
DA:454,0
DA:455,0
DA:456,0
DA:457,0
DA:458,0
DA:459,0
DA:460,0
DA:461,0
DA:462,0
DA:463,0
DA:464,0
DA:465,0
DA:466,0
DA:467,0
DA:468,0
DA:469,0
DA:470,0
DA:471,0
DA:472,0
DA:473,0
DA:474,0
DA:475,0
DA:476,0
DA:477,0
DA:478,0
DA:479,0
DA:480,0
DA:481,0
DA:482,0
DA:483,0
DA:484,0
DA:485,0
DA:486,0
DA:487,0
DA:488,0
DA:489,0
DA:490,0
DA:491,0
DA:492,0
DA:493,0
DA:494,0
DA:495,0
DA:496,0
DA:497,0
DA:498,0
DA:499,0
DA:500,0
DA:501,0
DA:502,0
DA:503,0
DA:504,0
DA:505,0
DA:506,0
DA:507,0
DA:508,0
DA:509,0
DA:510,0
DA:511,0
DA:512,0
DA:513,0
DA:514,0
DA:515,0
DA:516,0
DA:517,0
DA:518,0
DA:519,0
DA:520,0
LF:489
LH:0
BRDA:1,0,0,0
BRF:1
BRH:0
end_of_record
